c:\users\jorge\documents\github\icg-projects\assignment_5\cmake_build\lib\glfw\src\glfw.dir\debug\vc141.pdb
c:\users\jorge\documents\github\icg-projects\assignment_5\cmake_build\lib\glfw\src\glfw.dir\debug\wgl_context.obj
c:\users\jorge\documents\github\icg-projects\assignment_5\cmake_build\lib\glfw\src\glfw.dir\debug\winmm_joystick.obj
c:\users\jorge\documents\github\icg-projects\assignment_5\cmake_build\lib\glfw\src\glfw.dir\debug\win32_window.obj
c:\users\jorge\documents\github\icg-projects\assignment_5\cmake_build\lib\glfw\src\glfw.dir\debug\win32_tls.obj
c:\users\jorge\documents\github\icg-projects\assignment_5\cmake_build\lib\glfw\src\glfw.dir\debug\win32_time.obj
c:\users\jorge\documents\github\icg-projects\assignment_5\cmake_build\lib\glfw\src\glfw.dir\debug\win32_monitor.obj
c:\users\jorge\documents\github\icg-projects\assignment_5\cmake_build\lib\glfw\src\glfw.dir\debug\win32_init.obj
c:\users\jorge\documents\github\icg-projects\assignment_5\cmake_build\lib\glfw\src\glfw.dir\debug\window.obj
c:\users\jorge\documents\github\icg-projects\assignment_5\cmake_build\lib\glfw\src\glfw.dir\debug\monitor.obj
c:\users\jorge\documents\github\icg-projects\assignment_5\cmake_build\lib\glfw\src\glfw.dir\debug\input.obj
c:\users\jorge\documents\github\icg-projects\assignment_5\cmake_build\lib\glfw\src\glfw.dir\debug\init.obj
c:\users\jorge\documents\github\icg-projects\assignment_5\cmake_build\lib\glfw\src\glfw.dir\debug\context.obj
c:\users\jorge\documents\github\icg-projects\assignment_5\cmake_build\lib\glfw\src\cmakefiles\generate.stamp
c:\users\jorge\documents\github\icg-projects\assignment_5\cmake_build\debug\glfw3dll.lib
c:\users\jorge\documents\github\icg-projects\assignment_5\cmake_build\debug\glfw3dll.exp
c:\users\jorge\documents\github\icg-projects\assignment_5\cmake_build\debug\glfw3.ilk
c:\users\jorge\documents\github\icg-projects\assignment_5\cmake_build\debug\glfw3.dll
c:\users\jorge\documents\github\icg-projects\assignment_5\cmake_build\debug\glfw3.pdb
c:\users\jorge\documents\github\icg-projects\assignment_5\cmake_build\lib\glfw\src\glfw.dir\debug\glfw.tlog\cl.command.1.tlog
c:\users\jorge\documents\github\icg-projects\assignment_5\cmake_build\lib\glfw\src\glfw.dir\debug\glfw.tlog\cl.read.1.tlog
c:\users\jorge\documents\github\icg-projects\assignment_5\cmake_build\lib\glfw\src\glfw.dir\debug\glfw.tlog\cl.write.1.tlog
c:\users\jorge\documents\github\icg-projects\assignment_5\cmake_build\lib\glfw\src\glfw.dir\debug\glfw.tlog\custombuild.command.1.tlog
c:\users\jorge\documents\github\icg-projects\assignment_5\cmake_build\lib\glfw\src\glfw.dir\debug\glfw.tlog\custombuild.read.1.tlog
c:\users\jorge\documents\github\icg-projects\assignment_5\cmake_build\lib\glfw\src\glfw.dir\debug\glfw.tlog\custombuild.write.1.tlog
c:\users\jorge\documents\github\icg-projects\assignment_5\cmake_build\lib\glfw\src\glfw.dir\debug\glfw.tlog\glfw.write.1u.tlog
c:\users\jorge\documents\github\icg-projects\assignment_5\cmake_build\lib\glfw\src\glfw.dir\debug\glfw.tlog\link.command.1.tlog
c:\users\jorge\documents\github\icg-projects\assignment_5\cmake_build\lib\glfw\src\glfw.dir\debug\glfw.tlog\link.read.1.tlog
c:\users\jorge\documents\github\icg-projects\assignment_5\cmake_build\lib\glfw\src\glfw.dir\debug\glfw.tlog\link.write.1.tlog
