c:\users\jorge\documents\github\icg-projects\assignment 0 - raytracing-helloworld\assignment_0\cmake_build\src\debug_aabb.dir\debug\vc141.pdb
c:\users\jorge\documents\github\icg-projects\assignment 0 - raytracing-helloworld\assignment_0\cmake_build\src\debug_aabb.dir\debug\vec3.obj
c:\users\jorge\documents\github\icg-projects\assignment 0 - raytracing-helloworld\assignment_0\cmake_build\src\debug_aabb.dir\debug\sphere.obj
c:\users\jorge\documents\github\icg-projects\assignment 0 - raytracing-helloworld\assignment_0\cmake_build\src\debug_aabb.dir\debug\scene.obj
c:\users\jorge\documents\github\icg-projects\assignment 0 - raytracing-helloworld\assignment_0\cmake_build\src\debug_aabb.dir\debug\plane.obj
c:\users\jorge\documents\github\icg-projects\assignment 0 - raytracing-helloworld\assignment_0\cmake_build\src\debug_aabb.dir\debug\mesh.obj
c:\users\jorge\documents\github\icg-projects\assignment 0 - raytracing-helloworld\assignment_0\cmake_build\src\debug_aabb.dir\debug\image.obj
c:\users\jorge\documents\github\icg-projects\assignment 0 - raytracing-helloworld\assignment_0\cmake_build\src\debug_aabb.dir\debug\cylinder.obj
c:\users\jorge\documents\github\icg-projects\assignment 0 - raytracing-helloworld\assignment_0\cmake_build\src\debug_aabb.dir\debug\debug_aabb.obj
c:\users\jorge\documents\github\icg-projects\assignment 0 - raytracing-helloworld\assignment_0\cmake_build\src\cmakefiles\generate.stamp
c:\users\jorge\documents\github\icg-projects\assignment 0 - raytracing-helloworld\assignment_0\cmake_build\debug\debug_aabb.ilk
c:\users\jorge\documents\github\icg-projects\assignment 0 - raytracing-helloworld\assignment_0\cmake_build\debug\debug_aabb.exe
c:\users\jorge\documents\github\icg-projects\assignment 0 - raytracing-helloworld\assignment_0\cmake_build\debug\debug_aabb.pdb
c:\users\jorge\documents\github\icg-projects\assignment 0 - raytracing-helloworld\assignment_0\cmake_build\src\debug_aabb.dir\debug\debug_aabb.tlog\cl.command.1.tlog
c:\users\jorge\documents\github\icg-projects\assignment 0 - raytracing-helloworld\assignment_0\cmake_build\src\debug_aabb.dir\debug\debug_aabb.tlog\cl.read.1.tlog
c:\users\jorge\documents\github\icg-projects\assignment 0 - raytracing-helloworld\assignment_0\cmake_build\src\debug_aabb.dir\debug\debug_aabb.tlog\cl.write.1.tlog
c:\users\jorge\documents\github\icg-projects\assignment 0 - raytracing-helloworld\assignment_0\cmake_build\src\debug_aabb.dir\debug\debug_aabb.tlog\custombuild.command.1.tlog
c:\users\jorge\documents\github\icg-projects\assignment 0 - raytracing-helloworld\assignment_0\cmake_build\src\debug_aabb.dir\debug\debug_aabb.tlog\custombuild.read.1.tlog
c:\users\jorge\documents\github\icg-projects\assignment 0 - raytracing-helloworld\assignment_0\cmake_build\src\debug_aabb.dir\debug\debug_aabb.tlog\custombuild.write.1.tlog
c:\users\jorge\documents\github\icg-projects\assignment 0 - raytracing-helloworld\assignment_0\cmake_build\src\debug_aabb.dir\debug\debug_aabb.tlog\link.command.1.tlog
c:\users\jorge\documents\github\icg-projects\assignment 0 - raytracing-helloworld\assignment_0\cmake_build\src\debug_aabb.dir\debug\debug_aabb.tlog\link.read.1.tlog
c:\users\jorge\documents\github\icg-projects\assignment 0 - raytracing-helloworld\assignment_0\cmake_build\src\debug_aabb.dir\debug\debug_aabb.tlog\link.write.1.tlog
