c:\users\jorge\documents\github\icg-projects\assignment 0 - raytracing-helloworld\assignment_0\cmake_build\src\raytrace.dir\debug\vc141.pdb
c:\users\jorge\documents\github\icg-projects\assignment 0 - raytracing-helloworld\assignment_0\cmake_build\src\raytrace.dir\debug\vec3.obj
c:\users\jorge\documents\github\icg-projects\assignment 0 - raytracing-helloworld\assignment_0\cmake_build\src\raytrace.dir\debug\sphere.obj
c:\users\jorge\documents\github\icg-projects\assignment 0 - raytracing-helloworld\assignment_0\cmake_build\src\raytrace.dir\debug\scene.obj
c:\users\jorge\documents\github\icg-projects\assignment 0 - raytracing-helloworld\assignment_0\cmake_build\src\raytrace.dir\debug\plane.obj
c:\users\jorge\documents\github\icg-projects\assignment 0 - raytracing-helloworld\assignment_0\cmake_build\src\raytrace.dir\debug\mesh.obj
c:\users\jorge\documents\github\icg-projects\assignment 0 - raytracing-helloworld\assignment_0\cmake_build\src\raytrace.dir\debug\image.obj
c:\users\jorge\documents\github\icg-projects\assignment 0 - raytracing-helloworld\assignment_0\cmake_build\src\raytrace.dir\debug\cylinder.obj
c:\users\jorge\documents\github\icg-projects\assignment 0 - raytracing-helloworld\assignment_0\cmake_build\src\raytrace.dir\debug\raytrace.obj
c:\users\jorge\documents\github\icg-projects\assignment 0 - raytracing-helloworld\assignment_0\cmake_build\src\cmakefiles\generate.stamp
c:\users\jorge\documents\github\icg-projects\assignment 0 - raytracing-helloworld\assignment_0\cmake_build\debug\raytrace.ilk
c:\users\jorge\documents\github\icg-projects\assignment 0 - raytracing-helloworld\assignment_0\cmake_build\debug\raytrace.exe
c:\users\jorge\documents\github\icg-projects\assignment 0 - raytracing-helloworld\assignment_0\cmake_build\debug\raytrace.pdb
c:\users\jorge\documents\github\icg-projects\assignment 0 - raytracing-helloworld\assignment_0\cmake_build\src\raytrace.dir\debug\raytrace.tlog\cl.command.1.tlog
c:\users\jorge\documents\github\icg-projects\assignment 0 - raytracing-helloworld\assignment_0\cmake_build\src\raytrace.dir\debug\raytrace.tlog\cl.read.1.tlog
c:\users\jorge\documents\github\icg-projects\assignment 0 - raytracing-helloworld\assignment_0\cmake_build\src\raytrace.dir\debug\raytrace.tlog\cl.write.1.tlog
c:\users\jorge\documents\github\icg-projects\assignment 0 - raytracing-helloworld\assignment_0\cmake_build\src\raytrace.dir\debug\raytrace.tlog\custombuild.command.1.tlog
c:\users\jorge\documents\github\icg-projects\assignment 0 - raytracing-helloworld\assignment_0\cmake_build\src\raytrace.dir\debug\raytrace.tlog\custombuild.read.1.tlog
c:\users\jorge\documents\github\icg-projects\assignment 0 - raytracing-helloworld\assignment_0\cmake_build\src\raytrace.dir\debug\raytrace.tlog\custombuild.write.1.tlog
c:\users\jorge\documents\github\icg-projects\assignment 0 - raytracing-helloworld\assignment_0\cmake_build\src\raytrace.dir\debug\raytrace.tlog\link.command.1.tlog
c:\users\jorge\documents\github\icg-projects\assignment 0 - raytracing-helloworld\assignment_0\cmake_build\src\raytrace.dir\debug\raytrace.tlog\link.read.1.tlog
c:\users\jorge\documents\github\icg-projects\assignment 0 - raytracing-helloworld\assignment_0\cmake_build\src\raytrace.dir\debug\raytrace.tlog\link.write.1.tlog
