c:\users\jorge\documents\github\icg-projects\assignment_5\cmake_build\src\solarsystem.dir\debug\vc141.pdb
c:\users\jorge\documents\github\icg-projects\assignment_5\cmake_build\src\solarsystem.dir\debug\texture.obj
c:\users\jorge\documents\github\icg-projects\assignment_5\cmake_build\src\solarsystem.dir\debug\sphere.obj
c:\users\jorge\documents\github\icg-projects\assignment_5\cmake_build\src\solarsystem.dir\debug\solar_viewer.obj
c:\users\jorge\documents\github\icg-projects\assignment_5\cmake_build\src\solarsystem.dir\debug\ship.obj
c:\users\jorge\documents\github\icg-projects\assignment_5\cmake_build\src\solarsystem.dir\debug\shader.obj
c:\users\jorge\documents\github\icg-projects\assignment_5\cmake_build\src\solarsystem.dir\debug\main.obj
c:\users\jorge\documents\github\icg-projects\assignment_5\cmake_build\src\solarsystem.dir\debug\glmath.obj
c:\users\jorge\documents\github\icg-projects\assignment_5\cmake_build\src\solarsystem.dir\debug\glfw_window.obj
c:\users\jorge\documents\github\icg-projects\assignment_5\cmake_build\src\solarsystem.dir\debug\billboard.obj
c:\users\jorge\documents\github\icg-projects\assignment_5\cmake_build\src\solarsystem.dir\debug\bezier.obj
c:\users\jorge\documents\github\icg-projects\assignment_5\cmake_build\src\cmakefiles\generate.stamp
c:\users\jorge\documents\github\icg-projects\assignment_5\cmake_build\debug\solarsystem.ilk
c:\users\jorge\documents\github\icg-projects\assignment_5\cmake_build\debug\solarsystem.exe
c:\users\jorge\documents\github\icg-projects\assignment_5\cmake_build\debug\solarsystem.pdb
c:\users\jorge\documents\github\icg-projects\assignment_5\cmake_build\src\solarsystem.dir\debug\solarsystem.tlog\cl.command.1.tlog
c:\users\jorge\documents\github\icg-projects\assignment_5\cmake_build\src\solarsystem.dir\debug\solarsystem.tlog\cl.read.1.tlog
c:\users\jorge\documents\github\icg-projects\assignment_5\cmake_build\src\solarsystem.dir\debug\solarsystem.tlog\cl.write.1.tlog
c:\users\jorge\documents\github\icg-projects\assignment_5\cmake_build\src\solarsystem.dir\debug\solarsystem.tlog\custombuild.command.1.tlog
c:\users\jorge\documents\github\icg-projects\assignment_5\cmake_build\src\solarsystem.dir\debug\solarsystem.tlog\custombuild.read.1.tlog
c:\users\jorge\documents\github\icg-projects\assignment_5\cmake_build\src\solarsystem.dir\debug\solarsystem.tlog\custombuild.write.1.tlog
c:\users\jorge\documents\github\icg-projects\assignment_5\cmake_build\src\solarsystem.dir\debug\solarsystem.tlog\link.command.1.tlog
c:\users\jorge\documents\github\icg-projects\assignment_5\cmake_build\src\solarsystem.dir\debug\solarsystem.tlog\link.read.1.tlog
c:\users\jorge\documents\github\icg-projects\assignment_5\cmake_build\src\solarsystem.dir\debug\solarsystem.tlog\link.write.1.tlog
